<?xml version="1.0" encoding="UTF-8"?>
<testsuite failures="0" tests="1" errors="0" name="Create" skip="0">
<testcase classname="Create" name="SM_Create2" time="371">
</testcase>
</testsuite>
